   0  $accept : programa $end

   1  programa : sentencias

   2  sentencias :
   3             | sentencias sentencia

   4  sentencia : "VAR" definicion
   5            | struct
   6            | funcion

   7  struct : "STRUCT" "IDENT" '{' definiciones '}' ';'

   8  definiciones : definicion
   9               | definiciones definicion

  10  definicion : "IDENT" ':' tipo ';'

  11  funcion : "IDENT" '(' parametros_ ')' ':' tipo '{' definiciones_funcion sentencias_locales '}'
  12          | "IDENT" '(' parametros_ ')' '{' definiciones_funcion sentencias_locales '}'

  13  definiciones_funcion :
  14                       | definiciones_funcion "VAR" definicion

  15  parametros_ : parametros
  16              |

  17  parametros : parametro
  18             | parametros ',' parametro

  19  parametro : "IDENT" ':' tipo

  20  tipo : "IDENT"
  21       | "INT"
  22       | "FLOAT"
  23       | "CHAR"
  24       | '[' "LITENT" ']' tipo

  25  sentencias_locales :
  26                     | sentencias_locales sentencia_local

  27  sentencia_local : expr '=' asignado ';'
  28                  | "PRINT" expr ';'
  29                  | "READ" expr ';'
  30                  | "IF" '(' expr ')' '{' sentencias_locales '}'
  31                  | "IF" '(' expr ')' '{' sentencias_locales '}' "ELSE" '{' sentencias_locales '}'
  32                  | "WHILE" '(' expr ')' '{' sentencias_locales '}'
  33                  | "IDENT" '(' paso_parametros_ ')' ';'
  34                  | "RETURN" expr ';'
  35                  | "RETURN" ';'

  36  asignado : expr
  37           | asignado '=' expr

  38  expr : "LITENT"
  39       | "LITREAL"
  40       | "LITCHAR"
  41       | "IDENT"
  42       | "CAST" '<' tipo '>' '(' expr ')'
  43       | expr '*' expr
  44       | expr '/' expr
  45       | expr '+' expr
  46       | expr '-' expr
  47       | expr '<' expr
  48       | expr '>' expr
  49       | expr "MAYOR_IGUAL" expr
  50       | expr "MENOR_IGUAL" expr
  51       | expr "IGUAL" expr
  52       | expr "DISTINTO" expr
  53       | expr "AND" expr
  54       | expr "OR" expr
  55       | '!' expr
  56       | '(' expr ')'
  57       | expr '.' "IDENT"
  58       | expr '[' expr ']'
  59       | "IDENT" '(' paso_parametros_ ')'

  60  paso_parametros_ : paso_parametros
  61                   |

  62  paso_parametros : expr
  63                  | paso_parametros ',' expr

state 0
	$accept : . programa $end  (0)
	sentencias : .  (2)

	.  reduce 2

	programa  goto 1
	sentencias  goto 2


state 1
	$accept : programa . $end  (0)

	$end  accept


state 2
	programa : sentencias .  (1)
	sentencias : sentencias . sentencia  (3)

	"VAR"  shift 3
	"STRUCT"  shift 4
	"IDENT"  shift 5
	$end  reduce 1

	sentencia  goto 6
	struct  goto 7
	funcion  goto 8


state 3
	sentencia : "VAR" . definicion  (4)

	"IDENT"  shift 9
	.  error

	definicion  goto 10


state 4
	struct : "STRUCT" . "IDENT" '{' definiciones '}' ';'  (7)

	"IDENT"  shift 11
	.  error


state 5
	funcion : "IDENT" . '(' parametros_ ')' ':' tipo '{' definiciones_funcion sentencias_locales '}'  (11)
	funcion : "IDENT" . '(' parametros_ ')' '{' definiciones_funcion sentencias_locales '}'  (12)

	'('  shift 12
	.  error


state 6
	sentencias : sentencias sentencia .  (3)

	.  reduce 3


state 7
	sentencia : struct .  (5)

	.  reduce 5


state 8
	sentencia : funcion .  (6)

	.  reduce 6


state 9
	definicion : "IDENT" . ':' tipo ';'  (10)

	':'  shift 13
	.  error


state 10
	sentencia : "VAR" definicion .  (4)

	.  reduce 4


state 11
	struct : "STRUCT" "IDENT" . '{' definiciones '}' ';'  (7)

	'{'  shift 14
	.  error


state 12
	funcion : "IDENT" '(' . parametros_ ')' ':' tipo '{' definiciones_funcion sentencias_locales '}'  (11)
	funcion : "IDENT" '(' . parametros_ ')' '{' definiciones_funcion sentencias_locales '}'  (12)
	parametros_ : .  (16)

	"IDENT"  shift 15
	')'  reduce 16

	parametros_  goto 16
	parametros  goto 17
	parametro  goto 18


state 13
	definicion : "IDENT" ':' . tipo ';'  (10)

	'['  shift 19
	"IDENT"  shift 20
	"INT"  shift 21
	"FLOAT"  shift 22
	"CHAR"  shift 23
	.  error

	tipo  goto 24


state 14
	struct : "STRUCT" "IDENT" '{' . definiciones '}' ';'  (7)

	"IDENT"  shift 9
	.  error

	definicion  goto 25
	definiciones  goto 26


state 15
	parametro : "IDENT" . ':' tipo  (19)

	':'  shift 27
	.  error


state 16
	funcion : "IDENT" '(' parametros_ . ')' ':' tipo '{' definiciones_funcion sentencias_locales '}'  (11)
	funcion : "IDENT" '(' parametros_ . ')' '{' definiciones_funcion sentencias_locales '}'  (12)

	')'  shift 28
	.  error


state 17
	parametros_ : parametros .  (15)
	parametros : parametros . ',' parametro  (18)

	','  shift 29
	')'  reduce 15


state 18
	parametros : parametro .  (17)

	.  reduce 17


state 19
	tipo : '[' . "LITENT" ']' tipo  (24)

	"LITENT"  shift 30
	.  error


state 20
	tipo : "IDENT" .  (20)

	.  reduce 20


state 21
	tipo : "INT" .  (21)

	.  reduce 21


state 22
	tipo : "FLOAT" .  (22)

	.  reduce 22


state 23
	tipo : "CHAR" .  (23)

	.  reduce 23


state 24
	definicion : "IDENT" ':' tipo . ';'  (10)

	';'  shift 31
	.  error


state 25
	definiciones : definicion .  (8)

	.  reduce 8


state 26
	struct : "STRUCT" "IDENT" '{' definiciones . '}' ';'  (7)
	definiciones : definiciones . definicion  (9)

	"IDENT"  shift 9
	'}'  shift 32
	.  error

	definicion  goto 33


state 27
	parametro : "IDENT" ':' . tipo  (19)

	'['  shift 19
	"IDENT"  shift 20
	"INT"  shift 21
	"FLOAT"  shift 22
	"CHAR"  shift 23
	.  error

	tipo  goto 34


state 28
	funcion : "IDENT" '(' parametros_ ')' . ':' tipo '{' definiciones_funcion sentencias_locales '}'  (11)
	funcion : "IDENT" '(' parametros_ ')' . '{' definiciones_funcion sentencias_locales '}'  (12)

	'{'  shift 35
	':'  shift 36
	.  error


state 29
	parametros : parametros ',' . parametro  (18)

	"IDENT"  shift 15
	.  error

	parametro  goto 37


state 30
	tipo : '[' "LITENT" . ']' tipo  (24)

	']'  shift 38
	.  error


state 31
	definicion : "IDENT" ':' tipo ';' .  (10)

	.  reduce 10


state 32
	struct : "STRUCT" "IDENT" '{' definiciones '}' . ';'  (7)

	';'  shift 39
	.  error


state 33
	definiciones : definiciones definicion .  (9)

	.  reduce 9


state 34
	parametro : "IDENT" ':' tipo .  (19)

	.  reduce 19


state 35
	funcion : "IDENT" '(' parametros_ ')' '{' . definiciones_funcion sentencias_locales '}'  (12)
	definiciones_funcion : .  (13)

	.  reduce 13

	definiciones_funcion  goto 40


state 36
	funcion : "IDENT" '(' parametros_ ')' ':' . tipo '{' definiciones_funcion sentencias_locales '}'  (11)

	'['  shift 19
	"IDENT"  shift 20
	"INT"  shift 21
	"FLOAT"  shift 22
	"CHAR"  shift 23
	.  error

	tipo  goto 41


state 37
	parametros : parametros ',' parametro .  (18)

	.  reduce 18


state 38
	tipo : '[' "LITENT" ']' . tipo  (24)

	'['  shift 19
	"IDENT"  shift 20
	"INT"  shift 21
	"FLOAT"  shift 22
	"CHAR"  shift 23
	.  error

	tipo  goto 42


state 39
	struct : "STRUCT" "IDENT" '{' definiciones '}' ';' .  (7)

	.  reduce 7


state 40
	funcion : "IDENT" '(' parametros_ ')' '{' definiciones_funcion . sentencias_locales '}'  (12)
	definiciones_funcion : definiciones_funcion . "VAR" definicion  (14)
	sentencias_locales : .  (25)

	"VAR"  shift 43
	'('  reduce 25
	'!'  reduce 25
	"IDENT"  reduce 25
	'}'  reduce 25
	"LITENT"  reduce 25
	"PRINT"  reduce 25
	"READ"  reduce 25
	"IF"  reduce 25
	"WHILE"  reduce 25
	"RETURN"  reduce 25
	"LITREAL"  reduce 25
	"LITCHAR"  reduce 25
	"CAST"  reduce 25

	sentencias_locales  goto 44


state 41
	funcion : "IDENT" '(' parametros_ ')' ':' tipo . '{' definiciones_funcion sentencias_locales '}'  (11)

	'{'  shift 45
	.  error


state 42
	tipo : '[' "LITENT" ']' tipo .  (24)

	.  reduce 24


state 43
	definiciones_funcion : definiciones_funcion "VAR" . definicion  (14)

	"IDENT"  shift 9
	.  error

	definicion  goto 46


state 44
	funcion : "IDENT" '(' parametros_ ')' '{' definiciones_funcion sentencias_locales . '}'  (12)
	sentencias_locales : sentencias_locales . sentencia_local  (26)

	'('  shift 47
	'!'  shift 48
	"IDENT"  shift 49
	'}'  shift 50
	"LITENT"  shift 51
	"PRINT"  shift 52
	"READ"  shift 53
	"IF"  shift 54
	"WHILE"  shift 55
	"RETURN"  shift 56
	"LITREAL"  shift 57
	"LITCHAR"  shift 58
	"CAST"  shift 59
	.  error

	sentencia_local  goto 60
	expr  goto 61


state 45
	funcion : "IDENT" '(' parametros_ ')' ':' tipo '{' . definiciones_funcion sentencias_locales '}'  (11)
	definiciones_funcion : .  (13)

	.  reduce 13

	definiciones_funcion  goto 62


state 46
	definiciones_funcion : definiciones_funcion "VAR" definicion .  (14)

	.  reduce 14


state 47
	expr : '(' . expr ')'  (56)

	'('  shift 47
	'!'  shift 48
	"IDENT"  shift 63
	"LITENT"  shift 51
	"LITREAL"  shift 57
	"LITCHAR"  shift 58
	"CAST"  shift 59
	.  error

	expr  goto 64


state 48
	expr : '!' . expr  (55)

	'('  shift 47
	'!'  shift 48
	"IDENT"  shift 63
	"LITENT"  shift 51
	"LITREAL"  shift 57
	"LITCHAR"  shift 58
	"CAST"  shift 59
	.  error

	expr  goto 65


state 49
	sentencia_local : "IDENT" . '(' paso_parametros_ ')' ';'  (33)
	expr : "IDENT" .  (41)
	expr : "IDENT" . '(' paso_parametros_ ')'  (59)

	'('  shift 66
	"AND"  reduce 41
	"OR"  reduce 41
	'<'  reduce 41
	'>'  reduce 41
	"MAYOR_IGUAL"  reduce 41
	"MENOR_IGUAL"  reduce 41
	"IGUAL"  reduce 41
	"DISTINTO"  reduce 41
	'.'  reduce 41
	'+'  reduce 41
	'-'  reduce 41
	'*'  reduce 41
	'/'  reduce 41
	'['  reduce 41
	'='  reduce 41


state 50
	funcion : "IDENT" '(' parametros_ ')' '{' definiciones_funcion sentencias_locales '}' .  (12)

	.  reduce 12


state 51
	expr : "LITENT" .  (38)

	.  reduce 38


state 52
	sentencia_local : "PRINT" . expr ';'  (28)

	'('  shift 47
	'!'  shift 48
	"IDENT"  shift 63
	"LITENT"  shift 51
	"LITREAL"  shift 57
	"LITCHAR"  shift 58
	"CAST"  shift 59
	.  error

	expr  goto 67


state 53
	sentencia_local : "READ" . expr ';'  (29)

	'('  shift 47
	'!'  shift 48
	"IDENT"  shift 63
	"LITENT"  shift 51
	"LITREAL"  shift 57
	"LITCHAR"  shift 58
	"CAST"  shift 59
	.  error

	expr  goto 68


state 54
	sentencia_local : "IF" . '(' expr ')' '{' sentencias_locales '}'  (30)
	sentencia_local : "IF" . '(' expr ')' '{' sentencias_locales '}' "ELSE" '{' sentencias_locales '}'  (31)

	'('  shift 69
	.  error


state 55
	sentencia_local : "WHILE" . '(' expr ')' '{' sentencias_locales '}'  (32)

	'('  shift 70
	.  error


state 56
	sentencia_local : "RETURN" . expr ';'  (34)
	sentencia_local : "RETURN" . ';'  (35)

	'('  shift 47
	'!'  shift 48
	"IDENT"  shift 63
	';'  shift 71
	"LITENT"  shift 51
	"LITREAL"  shift 57
	"LITCHAR"  shift 58
	"CAST"  shift 59
	.  error

	expr  goto 72


state 57
	expr : "LITREAL" .  (39)

	.  reduce 39


state 58
	expr : "LITCHAR" .  (40)

	.  reduce 40


state 59
	expr : "CAST" . '<' tipo '>' '(' expr ')'  (42)

	'<'  shift 73
	.  error


state 60
	sentencias_locales : sentencias_locales sentencia_local .  (26)

	.  reduce 26


state 61
	sentencia_local : expr . '=' asignado ';'  (27)
	expr : expr . '*' expr  (43)
	expr : expr . '/' expr  (44)
	expr : expr . '+' expr  (45)
	expr : expr . '-' expr  (46)
	expr : expr . '<' expr  (47)
	expr : expr . '>' expr  (48)
	expr : expr . "MAYOR_IGUAL" expr  (49)
	expr : expr . "MENOR_IGUAL" expr  (50)
	expr : expr . "IGUAL" expr  (51)
	expr : expr . "DISTINTO" expr  (52)
	expr : expr . "AND" expr  (53)
	expr : expr . "OR" expr  (54)
	expr : expr . '.' "IDENT"  (57)
	expr : expr . '[' expr ']'  (58)

	"AND"  shift 74
	"OR"  shift 75
	'<'  shift 76
	'>'  shift 77
	"MAYOR_IGUAL"  shift 78
	"MENOR_IGUAL"  shift 79
	"IGUAL"  shift 80
	"DISTINTO"  shift 81
	'.'  shift 82
	'+'  shift 83
	'-'  shift 84
	'*'  shift 85
	'/'  shift 86
	'['  shift 87
	'='  shift 88
	.  error


state 62
	funcion : "IDENT" '(' parametros_ ')' ':' tipo '{' definiciones_funcion . sentencias_locales '}'  (11)
	definiciones_funcion : definiciones_funcion . "VAR" definicion  (14)
	sentencias_locales : .  (25)

	"VAR"  shift 43
	'('  reduce 25
	'!'  reduce 25
	"IDENT"  reduce 25
	'}'  reduce 25
	"LITENT"  reduce 25
	"PRINT"  reduce 25
	"READ"  reduce 25
	"IF"  reduce 25
	"WHILE"  reduce 25
	"RETURN"  reduce 25
	"LITREAL"  reduce 25
	"LITCHAR"  reduce 25
	"CAST"  reduce 25

	sentencias_locales  goto 89


state 63
	expr : "IDENT" .  (41)
	expr : "IDENT" . '(' paso_parametros_ ')'  (59)

	'('  shift 90
	"AND"  reduce 41
	"OR"  reduce 41
	'<'  reduce 41
	'>'  reduce 41
	"MAYOR_IGUAL"  reduce 41
	"MENOR_IGUAL"  reduce 41
	"IGUAL"  reduce 41
	"DISTINTO"  reduce 41
	'.'  reduce 41
	'+'  reduce 41
	'-'  reduce 41
	'*'  reduce 41
	'/'  reduce 41
	'['  reduce 41
	';'  reduce 41
	')'  reduce 41
	','  reduce 41
	']'  reduce 41
	'='  reduce 41


state 64
	expr : expr . '*' expr  (43)
	expr : expr . '/' expr  (44)
	expr : expr . '+' expr  (45)
	expr : expr . '-' expr  (46)
	expr : expr . '<' expr  (47)
	expr : expr . '>' expr  (48)
	expr : expr . "MAYOR_IGUAL" expr  (49)
	expr : expr . "MENOR_IGUAL" expr  (50)
	expr : expr . "IGUAL" expr  (51)
	expr : expr . "DISTINTO" expr  (52)
	expr : expr . "AND" expr  (53)
	expr : expr . "OR" expr  (54)
	expr : '(' expr . ')'  (56)
	expr : expr . '.' "IDENT"  (57)
	expr : expr . '[' expr ']'  (58)

	"AND"  shift 74
	"OR"  shift 75
	'<'  shift 76
	'>'  shift 77
	"MAYOR_IGUAL"  shift 78
	"MENOR_IGUAL"  shift 79
	"IGUAL"  shift 80
	"DISTINTO"  shift 81
	'.'  shift 82
	'+'  shift 83
	'-'  shift 84
	'*'  shift 85
	'/'  shift 86
	'['  shift 87
	')'  shift 91
	.  error


state 65
	expr : expr . '*' expr  (43)
	expr : expr . '/' expr  (44)
	expr : expr . '+' expr  (45)
	expr : expr . '-' expr  (46)
	expr : expr . '<' expr  (47)
	expr : expr . '>' expr  (48)
	expr : expr . "MAYOR_IGUAL" expr  (49)
	expr : expr . "MENOR_IGUAL" expr  (50)
	expr : expr . "IGUAL" expr  (51)
	expr : expr . "DISTINTO" expr  (52)
	expr : expr . "AND" expr  (53)
	expr : expr . "OR" expr  (54)
	expr : '!' expr .  (55)
	expr : expr . '.' "IDENT"  (57)
	expr : expr . '[' expr ']'  (58)

	.  reduce 55


state 66
	sentencia_local : "IDENT" '(' . paso_parametros_ ')' ';'  (33)
	expr : "IDENT" '(' . paso_parametros_ ')'  (59)
	paso_parametros_ : .  (61)

	'('  shift 47
	'!'  shift 48
	"IDENT"  shift 63
	"LITENT"  shift 51
	"LITREAL"  shift 57
	"LITCHAR"  shift 58
	"CAST"  shift 59
	')'  reduce 61

	expr  goto 92
	paso_parametros_  goto 93
	paso_parametros  goto 94


state 67
	sentencia_local : "PRINT" expr . ';'  (28)
	expr : expr . '*' expr  (43)
	expr : expr . '/' expr  (44)
	expr : expr . '+' expr  (45)
	expr : expr . '-' expr  (46)
	expr : expr . '<' expr  (47)
	expr : expr . '>' expr  (48)
	expr : expr . "MAYOR_IGUAL" expr  (49)
	expr : expr . "MENOR_IGUAL" expr  (50)
	expr : expr . "IGUAL" expr  (51)
	expr : expr . "DISTINTO" expr  (52)
	expr : expr . "AND" expr  (53)
	expr : expr . "OR" expr  (54)
	expr : expr . '.' "IDENT"  (57)
	expr : expr . '[' expr ']'  (58)

	"AND"  shift 74
	"OR"  shift 75
	'<'  shift 76
	'>'  shift 77
	"MAYOR_IGUAL"  shift 78
	"MENOR_IGUAL"  shift 79
	"IGUAL"  shift 80
	"DISTINTO"  shift 81
	'.'  shift 82
	'+'  shift 83
	'-'  shift 84
	'*'  shift 85
	'/'  shift 86
	'['  shift 87
	';'  shift 95
	.  error


state 68
	sentencia_local : "READ" expr . ';'  (29)
	expr : expr . '*' expr  (43)
	expr : expr . '/' expr  (44)
	expr : expr . '+' expr  (45)
	expr : expr . '-' expr  (46)
	expr : expr . '<' expr  (47)
	expr : expr . '>' expr  (48)
	expr : expr . "MAYOR_IGUAL" expr  (49)
	expr : expr . "MENOR_IGUAL" expr  (50)
	expr : expr . "IGUAL" expr  (51)
	expr : expr . "DISTINTO" expr  (52)
	expr : expr . "AND" expr  (53)
	expr : expr . "OR" expr  (54)
	expr : expr . '.' "IDENT"  (57)
	expr : expr . '[' expr ']'  (58)

	"AND"  shift 74
	"OR"  shift 75
	'<'  shift 76
	'>'  shift 77
	"MAYOR_IGUAL"  shift 78
	"MENOR_IGUAL"  shift 79
	"IGUAL"  shift 80
	"DISTINTO"  shift 81
	'.'  shift 82
	'+'  shift 83
	'-'  shift 84
	'*'  shift 85
	'/'  shift 86
	'['  shift 87
	';'  shift 96
	.  error


state 69
	sentencia_local : "IF" '(' . expr ')' '{' sentencias_locales '}'  (30)
	sentencia_local : "IF" '(' . expr ')' '{' sentencias_locales '}' "ELSE" '{' sentencias_locales '}'  (31)

	'('  shift 47
	'!'  shift 48
	"IDENT"  shift 63
	"LITENT"  shift 51
	"LITREAL"  shift 57
	"LITCHAR"  shift 58
	"CAST"  shift 59
	.  error

	expr  goto 97


state 70
	sentencia_local : "WHILE" '(' . expr ')' '{' sentencias_locales '}'  (32)

	'('  shift 47
	'!'  shift 48
	"IDENT"  shift 63
	"LITENT"  shift 51
	"LITREAL"  shift 57
	"LITCHAR"  shift 58
	"CAST"  shift 59
	.  error

	expr  goto 98


state 71
	sentencia_local : "RETURN" ';' .  (35)

	.  reduce 35


state 72
	sentencia_local : "RETURN" expr . ';'  (34)
	expr : expr . '*' expr  (43)
	expr : expr . '/' expr  (44)
	expr : expr . '+' expr  (45)
	expr : expr . '-' expr  (46)
	expr : expr . '<' expr  (47)
	expr : expr . '>' expr  (48)
	expr : expr . "MAYOR_IGUAL" expr  (49)
	expr : expr . "MENOR_IGUAL" expr  (50)
	expr : expr . "IGUAL" expr  (51)
	expr : expr . "DISTINTO" expr  (52)
	expr : expr . "AND" expr  (53)
	expr : expr . "OR" expr  (54)
	expr : expr . '.' "IDENT"  (57)
	expr : expr . '[' expr ']'  (58)

	"AND"  shift 74
	"OR"  shift 75
	'<'  shift 76
	'>'  shift 77
	"MAYOR_IGUAL"  shift 78
	"MENOR_IGUAL"  shift 79
	"IGUAL"  shift 80
	"DISTINTO"  shift 81
	'.'  shift 82
	'+'  shift 83
	'-'  shift 84
	'*'  shift 85
	'/'  shift 86
	'['  shift 87
	';'  shift 99
	.  error


state 73
	expr : "CAST" '<' . tipo '>' '(' expr ')'  (42)

	'['  shift 19
	"IDENT"  shift 20
	"INT"  shift 21
	"FLOAT"  shift 22
	"CHAR"  shift 23
	.  error

	tipo  goto 100


state 74
	expr : expr "AND" . expr  (53)

	'('  shift 47
	'!'  shift 48
	"IDENT"  shift 63
	"LITENT"  shift 51
	"LITREAL"  shift 57
	"LITCHAR"  shift 58
	"CAST"  shift 59
	.  error

	expr  goto 101


state 75
	expr : expr "OR" . expr  (54)

	'('  shift 47
	'!'  shift 48
	"IDENT"  shift 63
	"LITENT"  shift 51
	"LITREAL"  shift 57
	"LITCHAR"  shift 58
	"CAST"  shift 59
	.  error

	expr  goto 102


state 76
	expr : expr '<' . expr  (47)

	'('  shift 47
	'!'  shift 48
	"IDENT"  shift 63
	"LITENT"  shift 51
	"LITREAL"  shift 57
	"LITCHAR"  shift 58
	"CAST"  shift 59
	.  error

	expr  goto 103


state 77
	expr : expr '>' . expr  (48)

	'('  shift 47
	'!'  shift 48
	"IDENT"  shift 63
	"LITENT"  shift 51
	"LITREAL"  shift 57
	"LITCHAR"  shift 58
	"CAST"  shift 59
	.  error

	expr  goto 104


state 78
	expr : expr "MAYOR_IGUAL" . expr  (49)

	'('  shift 47
	'!'  shift 48
	"IDENT"  shift 63
	"LITENT"  shift 51
	"LITREAL"  shift 57
	"LITCHAR"  shift 58
	"CAST"  shift 59
	.  error

	expr  goto 105


state 79
	expr : expr "MENOR_IGUAL" . expr  (50)

	'('  shift 47
	'!'  shift 48
	"IDENT"  shift 63
	"LITENT"  shift 51
	"LITREAL"  shift 57
	"LITCHAR"  shift 58
	"CAST"  shift 59
	.  error

	expr  goto 106


state 80
	expr : expr "IGUAL" . expr  (51)

	'('  shift 47
	'!'  shift 48
	"IDENT"  shift 63
	"LITENT"  shift 51
	"LITREAL"  shift 57
	"LITCHAR"  shift 58
	"CAST"  shift 59
	.  error

	expr  goto 107


state 81
	expr : expr "DISTINTO" . expr  (52)

	'('  shift 47
	'!'  shift 48
	"IDENT"  shift 63
	"LITENT"  shift 51
	"LITREAL"  shift 57
	"LITCHAR"  shift 58
	"CAST"  shift 59
	.  error

	expr  goto 108


state 82
	expr : expr '.' . "IDENT"  (57)

	"IDENT"  shift 109
	.  error


state 83
	expr : expr '+' . expr  (45)

	'('  shift 47
	'!'  shift 48
	"IDENT"  shift 63
	"LITENT"  shift 51
	"LITREAL"  shift 57
	"LITCHAR"  shift 58
	"CAST"  shift 59
	.  error

	expr  goto 110


state 84
	expr : expr '-' . expr  (46)

	'('  shift 47
	'!'  shift 48
	"IDENT"  shift 63
	"LITENT"  shift 51
	"LITREAL"  shift 57
	"LITCHAR"  shift 58
	"CAST"  shift 59
	.  error

	expr  goto 111


state 85
	expr : expr '*' . expr  (43)

	'('  shift 47
	'!'  shift 48
	"IDENT"  shift 63
	"LITENT"  shift 51
	"LITREAL"  shift 57
	"LITCHAR"  shift 58
	"CAST"  shift 59
	.  error

	expr  goto 112


state 86
	expr : expr '/' . expr  (44)

	'('  shift 47
	'!'  shift 48
	"IDENT"  shift 63
	"LITENT"  shift 51
	"LITREAL"  shift 57
	"LITCHAR"  shift 58
	"CAST"  shift 59
	.  error

	expr  goto 113


state 87
	expr : expr '[' . expr ']'  (58)

	'('  shift 47
	'!'  shift 48
	"IDENT"  shift 63
	"LITENT"  shift 51
	"LITREAL"  shift 57
	"LITCHAR"  shift 58
	"CAST"  shift 59
	.  error

	expr  goto 114


state 88
	sentencia_local : expr '=' . asignado ';'  (27)

	'('  shift 47
	'!'  shift 48
	"IDENT"  shift 63
	"LITENT"  shift 51
	"LITREAL"  shift 57
	"LITCHAR"  shift 58
	"CAST"  shift 59
	.  error

	expr  goto 115
	asignado  goto 116


state 89
	funcion : "IDENT" '(' parametros_ ')' ':' tipo '{' definiciones_funcion sentencias_locales . '}'  (11)
	sentencias_locales : sentencias_locales . sentencia_local  (26)

	'('  shift 47
	'!'  shift 48
	"IDENT"  shift 49
	'}'  shift 117
	"LITENT"  shift 51
	"PRINT"  shift 52
	"READ"  shift 53
	"IF"  shift 54
	"WHILE"  shift 55
	"RETURN"  shift 56
	"LITREAL"  shift 57
	"LITCHAR"  shift 58
	"CAST"  shift 59
	.  error

	sentencia_local  goto 60
	expr  goto 61


state 90
	expr : "IDENT" '(' . paso_parametros_ ')'  (59)
	paso_parametros_ : .  (61)

	'('  shift 47
	'!'  shift 48
	"IDENT"  shift 63
	"LITENT"  shift 51
	"LITREAL"  shift 57
	"LITCHAR"  shift 58
	"CAST"  shift 59
	')'  reduce 61

	expr  goto 92
	paso_parametros_  goto 118
	paso_parametros  goto 94


state 91
	expr : '(' expr ')' .  (56)

	.  reduce 56


state 92
	expr : expr . '*' expr  (43)
	expr : expr . '/' expr  (44)
	expr : expr . '+' expr  (45)
	expr : expr . '-' expr  (46)
	expr : expr . '<' expr  (47)
	expr : expr . '>' expr  (48)
	expr : expr . "MAYOR_IGUAL" expr  (49)
	expr : expr . "MENOR_IGUAL" expr  (50)
	expr : expr . "IGUAL" expr  (51)
	expr : expr . "DISTINTO" expr  (52)
	expr : expr . "AND" expr  (53)
	expr : expr . "OR" expr  (54)
	expr : expr . '.' "IDENT"  (57)
	expr : expr . '[' expr ']'  (58)
	paso_parametros : expr .  (62)

	"AND"  shift 74
	"OR"  shift 75
	'<'  shift 76
	'>'  shift 77
	"MAYOR_IGUAL"  shift 78
	"MENOR_IGUAL"  shift 79
	"IGUAL"  shift 80
	"DISTINTO"  shift 81
	'.'  shift 82
	'+'  shift 83
	'-'  shift 84
	'*'  shift 85
	'/'  shift 86
	'['  shift 87
	')'  reduce 62
	','  reduce 62


state 93
	sentencia_local : "IDENT" '(' paso_parametros_ . ')' ';'  (33)
	expr : "IDENT" '(' paso_parametros_ . ')'  (59)

	')'  shift 119
	.  error


state 94
	paso_parametros_ : paso_parametros .  (60)
	paso_parametros : paso_parametros . ',' expr  (63)

	','  shift 120
	')'  reduce 60


state 95
	sentencia_local : "PRINT" expr ';' .  (28)

	.  reduce 28


state 96
	sentencia_local : "READ" expr ';' .  (29)

	.  reduce 29


state 97
	sentencia_local : "IF" '(' expr . ')' '{' sentencias_locales '}'  (30)
	sentencia_local : "IF" '(' expr . ')' '{' sentencias_locales '}' "ELSE" '{' sentencias_locales '}'  (31)
	expr : expr . '*' expr  (43)
	expr : expr . '/' expr  (44)
	expr : expr . '+' expr  (45)
	expr : expr . '-' expr  (46)
	expr : expr . '<' expr  (47)
	expr : expr . '>' expr  (48)
	expr : expr . "MAYOR_IGUAL" expr  (49)
	expr : expr . "MENOR_IGUAL" expr  (50)
	expr : expr . "IGUAL" expr  (51)
	expr : expr . "DISTINTO" expr  (52)
	expr : expr . "AND" expr  (53)
	expr : expr . "OR" expr  (54)
	expr : expr . '.' "IDENT"  (57)
	expr : expr . '[' expr ']'  (58)

	"AND"  shift 74
	"OR"  shift 75
	'<'  shift 76
	'>'  shift 77
	"MAYOR_IGUAL"  shift 78
	"MENOR_IGUAL"  shift 79
	"IGUAL"  shift 80
	"DISTINTO"  shift 81
	'.'  shift 82
	'+'  shift 83
	'-'  shift 84
	'*'  shift 85
	'/'  shift 86
	'['  shift 87
	')'  shift 121
	.  error


state 98
	sentencia_local : "WHILE" '(' expr . ')' '{' sentencias_locales '}'  (32)
	expr : expr . '*' expr  (43)
	expr : expr . '/' expr  (44)
	expr : expr . '+' expr  (45)
	expr : expr . '-' expr  (46)
	expr : expr . '<' expr  (47)
	expr : expr . '>' expr  (48)
	expr : expr . "MAYOR_IGUAL" expr  (49)
	expr : expr . "MENOR_IGUAL" expr  (50)
	expr : expr . "IGUAL" expr  (51)
	expr : expr . "DISTINTO" expr  (52)
	expr : expr . "AND" expr  (53)
	expr : expr . "OR" expr  (54)
	expr : expr . '.' "IDENT"  (57)
	expr : expr . '[' expr ']'  (58)

	"AND"  shift 74
	"OR"  shift 75
	'<'  shift 76
	'>'  shift 77
	"MAYOR_IGUAL"  shift 78
	"MENOR_IGUAL"  shift 79
	"IGUAL"  shift 80
	"DISTINTO"  shift 81
	'.'  shift 82
	'+'  shift 83
	'-'  shift 84
	'*'  shift 85
	'/'  shift 86
	'['  shift 87
	')'  shift 122
	.  error


state 99
	sentencia_local : "RETURN" expr ';' .  (34)

	.  reduce 34


state 100
	expr : "CAST" '<' tipo . '>' '(' expr ')'  (42)

	'>'  shift 123
	.  error


state 101
	expr : expr . '*' expr  (43)
	expr : expr . '/' expr  (44)
	expr : expr . '+' expr  (45)
	expr : expr . '-' expr  (46)
	expr : expr . '<' expr  (47)
	expr : expr . '>' expr  (48)
	expr : expr . "MAYOR_IGUAL" expr  (49)
	expr : expr . "MENOR_IGUAL" expr  (50)
	expr : expr . "IGUAL" expr  (51)
	expr : expr . "DISTINTO" expr  (52)
	expr : expr . "AND" expr  (53)
	expr : expr "AND" expr .  (53)
	expr : expr . "OR" expr  (54)
	expr : expr . '.' "IDENT"  (57)
	expr : expr . '[' expr ']'  (58)

	'<'  shift 76
	'>'  shift 77
	"MAYOR_IGUAL"  shift 78
	"MENOR_IGUAL"  shift 79
	"IGUAL"  shift 80
	"DISTINTO"  shift 81
	'.'  shift 82
	'+'  shift 83
	'-'  shift 84
	'*'  shift 85
	'/'  shift 86
	'['  shift 87
	"AND"  reduce 53
	"OR"  reduce 53
	';'  reduce 53
	')'  reduce 53
	','  reduce 53
	']'  reduce 53
	'='  reduce 53


state 102
	expr : expr . '*' expr  (43)
	expr : expr . '/' expr  (44)
	expr : expr . '+' expr  (45)
	expr : expr . '-' expr  (46)
	expr : expr . '<' expr  (47)
	expr : expr . '>' expr  (48)
	expr : expr . "MAYOR_IGUAL" expr  (49)
	expr : expr . "MENOR_IGUAL" expr  (50)
	expr : expr . "IGUAL" expr  (51)
	expr : expr . "DISTINTO" expr  (52)
	expr : expr . "AND" expr  (53)
	expr : expr . "OR" expr  (54)
	expr : expr "OR" expr .  (54)
	expr : expr . '.' "IDENT"  (57)
	expr : expr . '[' expr ']'  (58)

	'<'  shift 76
	'>'  shift 77
	"MAYOR_IGUAL"  shift 78
	"MENOR_IGUAL"  shift 79
	"IGUAL"  shift 80
	"DISTINTO"  shift 81
	'.'  shift 82
	'+'  shift 83
	'-'  shift 84
	'*'  shift 85
	'/'  shift 86
	'['  shift 87
	"AND"  reduce 54
	"OR"  reduce 54
	';'  reduce 54
	')'  reduce 54
	','  reduce 54
	']'  reduce 54
	'='  reduce 54


state 103
	expr : expr . '*' expr  (43)
	expr : expr . '/' expr  (44)
	expr : expr . '+' expr  (45)
	expr : expr . '-' expr  (46)
	expr : expr . '<' expr  (47)
	expr : expr '<' expr .  (47)
	expr : expr . '>' expr  (48)
	expr : expr . "MAYOR_IGUAL" expr  (49)
	expr : expr . "MENOR_IGUAL" expr  (50)
	expr : expr . "IGUAL" expr  (51)
	expr : expr . "DISTINTO" expr  (52)
	expr : expr . "AND" expr  (53)
	expr : expr . "OR" expr  (54)
	expr : expr . '.' "IDENT"  (57)
	expr : expr . '[' expr ']'  (58)

	"MAYOR_IGUAL"  shift 78
	"MENOR_IGUAL"  shift 79
	"IGUAL"  shift 80
	"DISTINTO"  shift 81
	'.'  shift 82
	'+'  shift 83
	'-'  shift 84
	'*'  shift 85
	'/'  shift 86
	'['  shift 87
	"AND"  reduce 47
	"OR"  reduce 47
	'<'  reduce 47
	'>'  reduce 47
	';'  reduce 47
	')'  reduce 47
	','  reduce 47
	']'  reduce 47
	'='  reduce 47


state 104
	expr : expr . '*' expr  (43)
	expr : expr . '/' expr  (44)
	expr : expr . '+' expr  (45)
	expr : expr . '-' expr  (46)
	expr : expr . '<' expr  (47)
	expr : expr . '>' expr  (48)
	expr : expr '>' expr .  (48)
	expr : expr . "MAYOR_IGUAL" expr  (49)
	expr : expr . "MENOR_IGUAL" expr  (50)
	expr : expr . "IGUAL" expr  (51)
	expr : expr . "DISTINTO" expr  (52)
	expr : expr . "AND" expr  (53)
	expr : expr . "OR" expr  (54)
	expr : expr . '.' "IDENT"  (57)
	expr : expr . '[' expr ']'  (58)

	"MAYOR_IGUAL"  shift 78
	"MENOR_IGUAL"  shift 79
	"IGUAL"  shift 80
	"DISTINTO"  shift 81
	'.'  shift 82
	'+'  shift 83
	'-'  shift 84
	'*'  shift 85
	'/'  shift 86
	'['  shift 87
	"AND"  reduce 48
	"OR"  reduce 48
	'<'  reduce 48
	'>'  reduce 48
	';'  reduce 48
	')'  reduce 48
	','  reduce 48
	']'  reduce 48
	'='  reduce 48


state 105
	expr : expr . '*' expr  (43)
	expr : expr . '/' expr  (44)
	expr : expr . '+' expr  (45)
	expr : expr . '-' expr  (46)
	expr : expr . '<' expr  (47)
	expr : expr . '>' expr  (48)
	expr : expr . "MAYOR_IGUAL" expr  (49)
	expr : expr "MAYOR_IGUAL" expr .  (49)
	expr : expr . "MENOR_IGUAL" expr  (50)
	expr : expr . "IGUAL" expr  (51)
	expr : expr . "DISTINTO" expr  (52)
	expr : expr . "AND" expr  (53)
	expr : expr . "OR" expr  (54)
	expr : expr . '.' "IDENT"  (57)
	expr : expr . '[' expr ']'  (58)

	"IGUAL"  shift 80
	"DISTINTO"  shift 81
	'.'  shift 82
	'+'  shift 83
	'-'  shift 84
	'*'  shift 85
	'/'  shift 86
	'['  shift 87
	"AND"  reduce 49
	"OR"  reduce 49
	'<'  reduce 49
	'>'  reduce 49
	"MAYOR_IGUAL"  reduce 49
	"MENOR_IGUAL"  reduce 49
	';'  reduce 49
	')'  reduce 49
	','  reduce 49
	']'  reduce 49
	'='  reduce 49


state 106
	expr : expr . '*' expr  (43)
	expr : expr . '/' expr  (44)
	expr : expr . '+' expr  (45)
	expr : expr . '-' expr  (46)
	expr : expr . '<' expr  (47)
	expr : expr . '>' expr  (48)
	expr : expr . "MAYOR_IGUAL" expr  (49)
	expr : expr . "MENOR_IGUAL" expr  (50)
	expr : expr "MENOR_IGUAL" expr .  (50)
	expr : expr . "IGUAL" expr  (51)
	expr : expr . "DISTINTO" expr  (52)
	expr : expr . "AND" expr  (53)
	expr : expr . "OR" expr  (54)
	expr : expr . '.' "IDENT"  (57)
	expr : expr . '[' expr ']'  (58)

	"IGUAL"  shift 80
	"DISTINTO"  shift 81
	'.'  shift 82
	'+'  shift 83
	'-'  shift 84
	'*'  shift 85
	'/'  shift 86
	'['  shift 87
	"AND"  reduce 50
	"OR"  reduce 50
	'<'  reduce 50
	'>'  reduce 50
	"MAYOR_IGUAL"  reduce 50
	"MENOR_IGUAL"  reduce 50
	';'  reduce 50
	')'  reduce 50
	','  reduce 50
	']'  reduce 50
	'='  reduce 50


state 107
	expr : expr . '*' expr  (43)
	expr : expr . '/' expr  (44)
	expr : expr . '+' expr  (45)
	expr : expr . '-' expr  (46)
	expr : expr . '<' expr  (47)
	expr : expr . '>' expr  (48)
	expr : expr . "MAYOR_IGUAL" expr  (49)
	expr : expr . "MENOR_IGUAL" expr  (50)
	expr : expr . "IGUAL" expr  (51)
	expr : expr "IGUAL" expr .  (51)
	expr : expr . "DISTINTO" expr  (52)
	expr : expr . "AND" expr  (53)
	expr : expr . "OR" expr  (54)
	expr : expr . '.' "IDENT"  (57)
	expr : expr . '[' expr ']'  (58)

	'+'  shift 83
	'-'  shift 84
	'*'  shift 85
	'/'  shift 86
	'['  shift 87
	"AND"  reduce 51
	"OR"  reduce 51
	'<'  reduce 51
	'>'  reduce 51
	"MAYOR_IGUAL"  reduce 51
	"MENOR_IGUAL"  reduce 51
	"IGUAL"  reduce 51
	"DISTINTO"  reduce 51
	'.'  reduce 51
	';'  reduce 51
	')'  reduce 51
	','  reduce 51
	']'  reduce 51
	'='  reduce 51


state 108
	expr : expr . '*' expr  (43)
	expr : expr . '/' expr  (44)
	expr : expr . '+' expr  (45)
	expr : expr . '-' expr  (46)
	expr : expr . '<' expr  (47)
	expr : expr . '>' expr  (48)
	expr : expr . "MAYOR_IGUAL" expr  (49)
	expr : expr . "MENOR_IGUAL" expr  (50)
	expr : expr . "IGUAL" expr  (51)
	expr : expr . "DISTINTO" expr  (52)
	expr : expr "DISTINTO" expr .  (52)
	expr : expr . "AND" expr  (53)
	expr : expr . "OR" expr  (54)
	expr : expr . '.' "IDENT"  (57)
	expr : expr . '[' expr ']'  (58)

	'+'  shift 83
	'-'  shift 84
	'*'  shift 85
	'/'  shift 86
	'['  shift 87
	"AND"  reduce 52
	"OR"  reduce 52
	'<'  reduce 52
	'>'  reduce 52
	"MAYOR_IGUAL"  reduce 52
	"MENOR_IGUAL"  reduce 52
	"IGUAL"  reduce 52
	"DISTINTO"  reduce 52
	'.'  reduce 52
	';'  reduce 52
	')'  reduce 52
	','  reduce 52
	']'  reduce 52
	'='  reduce 52


state 109
	expr : expr '.' "IDENT" .  (57)

	.  reduce 57


state 110
	expr : expr . '*' expr  (43)
	expr : expr . '/' expr  (44)
	expr : expr . '+' expr  (45)
	expr : expr '+' expr .  (45)
	expr : expr . '-' expr  (46)
	expr : expr . '<' expr  (47)
	expr : expr . '>' expr  (48)
	expr : expr . "MAYOR_IGUAL" expr  (49)
	expr : expr . "MENOR_IGUAL" expr  (50)
	expr : expr . "IGUAL" expr  (51)
	expr : expr . "DISTINTO" expr  (52)
	expr : expr . "AND" expr  (53)
	expr : expr . "OR" expr  (54)
	expr : expr . '.' "IDENT"  (57)
	expr : expr . '[' expr ']'  (58)

	'*'  shift 85
	'/'  shift 86
	'['  shift 87
	"AND"  reduce 45
	"OR"  reduce 45
	'<'  reduce 45
	'>'  reduce 45
	"MAYOR_IGUAL"  reduce 45
	"MENOR_IGUAL"  reduce 45
	"IGUAL"  reduce 45
	"DISTINTO"  reduce 45
	'.'  reduce 45
	'+'  reduce 45
	'-'  reduce 45
	';'  reduce 45
	')'  reduce 45
	','  reduce 45
	']'  reduce 45
	'='  reduce 45


state 111
	expr : expr . '*' expr  (43)
	expr : expr . '/' expr  (44)
	expr : expr . '+' expr  (45)
	expr : expr . '-' expr  (46)
	expr : expr '-' expr .  (46)
	expr : expr . '<' expr  (47)
	expr : expr . '>' expr  (48)
	expr : expr . "MAYOR_IGUAL" expr  (49)
	expr : expr . "MENOR_IGUAL" expr  (50)
	expr : expr . "IGUAL" expr  (51)
	expr : expr . "DISTINTO" expr  (52)
	expr : expr . "AND" expr  (53)
	expr : expr . "OR" expr  (54)
	expr : expr . '.' "IDENT"  (57)
	expr : expr . '[' expr ']'  (58)

	'*'  shift 85
	'/'  shift 86
	'['  shift 87
	"AND"  reduce 46
	"OR"  reduce 46
	'<'  reduce 46
	'>'  reduce 46
	"MAYOR_IGUAL"  reduce 46
	"MENOR_IGUAL"  reduce 46
	"IGUAL"  reduce 46
	"DISTINTO"  reduce 46
	'.'  reduce 46
	'+'  reduce 46
	'-'  reduce 46
	';'  reduce 46
	')'  reduce 46
	','  reduce 46
	']'  reduce 46
	'='  reduce 46


state 112
	expr : expr . '*' expr  (43)
	expr : expr '*' expr .  (43)
	expr : expr . '/' expr  (44)
	expr : expr . '+' expr  (45)
	expr : expr . '-' expr  (46)
	expr : expr . '<' expr  (47)
	expr : expr . '>' expr  (48)
	expr : expr . "MAYOR_IGUAL" expr  (49)
	expr : expr . "MENOR_IGUAL" expr  (50)
	expr : expr . "IGUAL" expr  (51)
	expr : expr . "DISTINTO" expr  (52)
	expr : expr . "AND" expr  (53)
	expr : expr . "OR" expr  (54)
	expr : expr . '.' "IDENT"  (57)
	expr : expr . '[' expr ']'  (58)

	'['  shift 87
	"AND"  reduce 43
	"OR"  reduce 43
	'<'  reduce 43
	'>'  reduce 43
	"MAYOR_IGUAL"  reduce 43
	"MENOR_IGUAL"  reduce 43
	"IGUAL"  reduce 43
	"DISTINTO"  reduce 43
	'.'  reduce 43
	'+'  reduce 43
	'-'  reduce 43
	'*'  reduce 43
	'/'  reduce 43
	';'  reduce 43
	')'  reduce 43
	','  reduce 43
	']'  reduce 43
	'='  reduce 43


state 113
	expr : expr . '*' expr  (43)
	expr : expr . '/' expr  (44)
	expr : expr '/' expr .  (44)
	expr : expr . '+' expr  (45)
	expr : expr . '-' expr  (46)
	expr : expr . '<' expr  (47)
	expr : expr . '>' expr  (48)
	expr : expr . "MAYOR_IGUAL" expr  (49)
	expr : expr . "MENOR_IGUAL" expr  (50)
	expr : expr . "IGUAL" expr  (51)
	expr : expr . "DISTINTO" expr  (52)
	expr : expr . "AND" expr  (53)
	expr : expr . "OR" expr  (54)
	expr : expr . '.' "IDENT"  (57)
	expr : expr . '[' expr ']'  (58)

	'['  shift 87
	"AND"  reduce 44
	"OR"  reduce 44
	'<'  reduce 44
	'>'  reduce 44
	"MAYOR_IGUAL"  reduce 44
	"MENOR_IGUAL"  reduce 44
	"IGUAL"  reduce 44
	"DISTINTO"  reduce 44
	'.'  reduce 44
	'+'  reduce 44
	'-'  reduce 44
	'*'  reduce 44
	'/'  reduce 44
	';'  reduce 44
	')'  reduce 44
	','  reduce 44
	']'  reduce 44
	'='  reduce 44


state 114
	expr : expr . '*' expr  (43)
	expr : expr . '/' expr  (44)
	expr : expr . '+' expr  (45)
	expr : expr . '-' expr  (46)
	expr : expr . '<' expr  (47)
	expr : expr . '>' expr  (48)
	expr : expr . "MAYOR_IGUAL" expr  (49)
	expr : expr . "MENOR_IGUAL" expr  (50)
	expr : expr . "IGUAL" expr  (51)
	expr : expr . "DISTINTO" expr  (52)
	expr : expr . "AND" expr  (53)
	expr : expr . "OR" expr  (54)
	expr : expr . '.' "IDENT"  (57)
	expr : expr . '[' expr ']'  (58)
	expr : expr '[' expr . ']'  (58)

	"AND"  shift 74
	"OR"  shift 75
	'<'  shift 76
	'>'  shift 77
	"MAYOR_IGUAL"  shift 78
	"MENOR_IGUAL"  shift 79
	"IGUAL"  shift 80
	"DISTINTO"  shift 81
	'.'  shift 82
	'+'  shift 83
	'-'  shift 84
	'*'  shift 85
	'/'  shift 86
	'['  shift 87
	']'  shift 124
	.  error


state 115
	asignado : expr .  (36)
	expr : expr . '*' expr  (43)
	expr : expr . '/' expr  (44)
	expr : expr . '+' expr  (45)
	expr : expr . '-' expr  (46)
	expr : expr . '<' expr  (47)
	expr : expr . '>' expr  (48)
	expr : expr . "MAYOR_IGUAL" expr  (49)
	expr : expr . "MENOR_IGUAL" expr  (50)
	expr : expr . "IGUAL" expr  (51)
	expr : expr . "DISTINTO" expr  (52)
	expr : expr . "AND" expr  (53)
	expr : expr . "OR" expr  (54)
	expr : expr . '.' "IDENT"  (57)
	expr : expr . '[' expr ']'  (58)

	"AND"  shift 74
	"OR"  shift 75
	'<'  shift 76
	'>'  shift 77
	"MAYOR_IGUAL"  shift 78
	"MENOR_IGUAL"  shift 79
	"IGUAL"  shift 80
	"DISTINTO"  shift 81
	'.'  shift 82
	'+'  shift 83
	'-'  shift 84
	'*'  shift 85
	'/'  shift 86
	'['  shift 87
	';'  reduce 36
	'='  reduce 36


state 116
	sentencia_local : expr '=' asignado . ';'  (27)
	asignado : asignado . '=' expr  (37)

	';'  shift 125
	'='  shift 126
	.  error


state 117
	funcion : "IDENT" '(' parametros_ ')' ':' tipo '{' definiciones_funcion sentencias_locales '}' .  (11)

	.  reduce 11


state 118
	expr : "IDENT" '(' paso_parametros_ . ')'  (59)

	')'  shift 127
	.  error


state 119
	sentencia_local : "IDENT" '(' paso_parametros_ ')' . ';'  (33)
	expr : "IDENT" '(' paso_parametros_ ')' .  (59)

	';'  shift 128
	"AND"  reduce 59
	"OR"  reduce 59
	'<'  reduce 59
	'>'  reduce 59
	"MAYOR_IGUAL"  reduce 59
	"MENOR_IGUAL"  reduce 59
	"IGUAL"  reduce 59
	"DISTINTO"  reduce 59
	'.'  reduce 59
	'+'  reduce 59
	'-'  reduce 59
	'*'  reduce 59
	'/'  reduce 59
	'['  reduce 59
	'='  reduce 59


state 120
	paso_parametros : paso_parametros ',' . expr  (63)

	'('  shift 47
	'!'  shift 48
	"IDENT"  shift 63
	"LITENT"  shift 51
	"LITREAL"  shift 57
	"LITCHAR"  shift 58
	"CAST"  shift 59
	.  error

	expr  goto 129


state 121
	sentencia_local : "IF" '(' expr ')' . '{' sentencias_locales '}'  (30)
	sentencia_local : "IF" '(' expr ')' . '{' sentencias_locales '}' "ELSE" '{' sentencias_locales '}'  (31)

	'{'  shift 130
	.  error


state 122
	sentencia_local : "WHILE" '(' expr ')' . '{' sentencias_locales '}'  (32)

	'{'  shift 131
	.  error


state 123
	expr : "CAST" '<' tipo '>' . '(' expr ')'  (42)

	'('  shift 132
	.  error


state 124
	expr : expr '[' expr ']' .  (58)

	.  reduce 58


state 125
	sentencia_local : expr '=' asignado ';' .  (27)

	.  reduce 27


state 126
	asignado : asignado '=' . expr  (37)

	'('  shift 47
	'!'  shift 48
	"IDENT"  shift 63
	"LITENT"  shift 51
	"LITREAL"  shift 57
	"LITCHAR"  shift 58
	"CAST"  shift 59
	.  error

	expr  goto 133


state 127
	expr : "IDENT" '(' paso_parametros_ ')' .  (59)

	.  reduce 59


state 128
	sentencia_local : "IDENT" '(' paso_parametros_ ')' ';' .  (33)

	.  reduce 33


state 129
	expr : expr . '*' expr  (43)
	expr : expr . '/' expr  (44)
	expr : expr . '+' expr  (45)
	expr : expr . '-' expr  (46)
	expr : expr . '<' expr  (47)
	expr : expr . '>' expr  (48)
	expr : expr . "MAYOR_IGUAL" expr  (49)
	expr : expr . "MENOR_IGUAL" expr  (50)
	expr : expr . "IGUAL" expr  (51)
	expr : expr . "DISTINTO" expr  (52)
	expr : expr . "AND" expr  (53)
	expr : expr . "OR" expr  (54)
	expr : expr . '.' "IDENT"  (57)
	expr : expr . '[' expr ']'  (58)
	paso_parametros : paso_parametros ',' expr .  (63)

	"AND"  shift 74
	"OR"  shift 75
	'<'  shift 76
	'>'  shift 77
	"MAYOR_IGUAL"  shift 78
	"MENOR_IGUAL"  shift 79
	"IGUAL"  shift 80
	"DISTINTO"  shift 81
	'.'  shift 82
	'+'  shift 83
	'-'  shift 84
	'*'  shift 85
	'/'  shift 86
	'['  shift 87
	')'  reduce 63
	','  reduce 63


state 130
	sentencia_local : "IF" '(' expr ')' '{' . sentencias_locales '}'  (30)
	sentencia_local : "IF" '(' expr ')' '{' . sentencias_locales '}' "ELSE" '{' sentencias_locales '}'  (31)
	sentencias_locales : .  (25)

	.  reduce 25

	sentencias_locales  goto 134


state 131
	sentencia_local : "WHILE" '(' expr ')' '{' . sentencias_locales '}'  (32)
	sentencias_locales : .  (25)

	.  reduce 25

	sentencias_locales  goto 135


state 132
	expr : "CAST" '<' tipo '>' '(' . expr ')'  (42)

	'('  shift 47
	'!'  shift 48
	"IDENT"  shift 63
	"LITENT"  shift 51
	"LITREAL"  shift 57
	"LITCHAR"  shift 58
	"CAST"  shift 59
	.  error

	expr  goto 136


state 133
	asignado : asignado '=' expr .  (37)
	expr : expr . '*' expr  (43)
	expr : expr . '/' expr  (44)
	expr : expr . '+' expr  (45)
	expr : expr . '-' expr  (46)
	expr : expr . '<' expr  (47)
	expr : expr . '>' expr  (48)
	expr : expr . "MAYOR_IGUAL" expr  (49)
	expr : expr . "MENOR_IGUAL" expr  (50)
	expr : expr . "IGUAL" expr  (51)
	expr : expr . "DISTINTO" expr  (52)
	expr : expr . "AND" expr  (53)
	expr : expr . "OR" expr  (54)
	expr : expr . '.' "IDENT"  (57)
	expr : expr . '[' expr ']'  (58)

	"AND"  shift 74
	"OR"  shift 75
	'<'  shift 76
	'>'  shift 77
	"MAYOR_IGUAL"  shift 78
	"MENOR_IGUAL"  shift 79
	"IGUAL"  shift 80
	"DISTINTO"  shift 81
	'.'  shift 82
	'+'  shift 83
	'-'  shift 84
	'*'  shift 85
	'/'  shift 86
	'['  shift 87
	';'  reduce 37
	'='  reduce 37


state 134
	sentencias_locales : sentencias_locales . sentencia_local  (26)
	sentencia_local : "IF" '(' expr ')' '{' sentencias_locales . '}'  (30)
	sentencia_local : "IF" '(' expr ')' '{' sentencias_locales . '}' "ELSE" '{' sentencias_locales '}'  (31)

	'('  shift 47
	'!'  shift 48
	"IDENT"  shift 49
	'}'  shift 137
	"LITENT"  shift 51
	"PRINT"  shift 52
	"READ"  shift 53
	"IF"  shift 54
	"WHILE"  shift 55
	"RETURN"  shift 56
	"LITREAL"  shift 57
	"LITCHAR"  shift 58
	"CAST"  shift 59
	.  error

	sentencia_local  goto 60
	expr  goto 61


state 135
	sentencias_locales : sentencias_locales . sentencia_local  (26)
	sentencia_local : "WHILE" '(' expr ')' '{' sentencias_locales . '}'  (32)

	'('  shift 47
	'!'  shift 48
	"IDENT"  shift 49
	'}'  shift 138
	"LITENT"  shift 51
	"PRINT"  shift 52
	"READ"  shift 53
	"IF"  shift 54
	"WHILE"  shift 55
	"RETURN"  shift 56
	"LITREAL"  shift 57
	"LITCHAR"  shift 58
	"CAST"  shift 59
	.  error

	sentencia_local  goto 60
	expr  goto 61


state 136
	expr : "CAST" '<' tipo '>' '(' expr . ')'  (42)
	expr : expr . '*' expr  (43)
	expr : expr . '/' expr  (44)
	expr : expr . '+' expr  (45)
	expr : expr . '-' expr  (46)
	expr : expr . '<' expr  (47)
	expr : expr . '>' expr  (48)
	expr : expr . "MAYOR_IGUAL" expr  (49)
	expr : expr . "MENOR_IGUAL" expr  (50)
	expr : expr . "IGUAL" expr  (51)
	expr : expr . "DISTINTO" expr  (52)
	expr : expr . "AND" expr  (53)
	expr : expr . "OR" expr  (54)
	expr : expr . '.' "IDENT"  (57)
	expr : expr . '[' expr ']'  (58)

	"AND"  shift 74
	"OR"  shift 75
	'<'  shift 76
	'>'  shift 77
	"MAYOR_IGUAL"  shift 78
	"MENOR_IGUAL"  shift 79
	"IGUAL"  shift 80
	"DISTINTO"  shift 81
	'.'  shift 82
	'+'  shift 83
	'-'  shift 84
	'*'  shift 85
	'/'  shift 86
	'['  shift 87
	')'  shift 139
	.  error


state 137
	sentencia_local : "IF" '(' expr ')' '{' sentencias_locales '}' .  (30)
	sentencia_local : "IF" '(' expr ')' '{' sentencias_locales '}' . "ELSE" '{' sentencias_locales '}'  (31)

	"ELSE"  shift 140
	'('  reduce 30
	'!'  reduce 30
	"IDENT"  reduce 30
	'}'  reduce 30
	"LITENT"  reduce 30
	"PRINT"  reduce 30
	"READ"  reduce 30
	"IF"  reduce 30
	"WHILE"  reduce 30
	"RETURN"  reduce 30
	"LITREAL"  reduce 30
	"LITCHAR"  reduce 30
	"CAST"  reduce 30


state 138
	sentencia_local : "WHILE" '(' expr ')' '{' sentencias_locales '}' .  (32)

	.  reduce 32


state 139
	expr : "CAST" '<' tipo '>' '(' expr ')' .  (42)

	.  reduce 42


state 140
	sentencia_local : "IF" '(' expr ')' '{' sentencias_locales '}' "ELSE" . '{' sentencias_locales '}'  (31)

	'{'  shift 141
	.  error


state 141
	sentencia_local : "IF" '(' expr ')' '{' sentencias_locales '}' "ELSE" '{' . sentencias_locales '}'  (31)
	sentencias_locales : .  (25)

	.  reduce 25

	sentencias_locales  goto 142


state 142
	sentencias_locales : sentencias_locales . sentencia_local  (26)
	sentencia_local : "IF" '(' expr ')' '{' sentencias_locales '}' "ELSE" '{' sentencias_locales . '}'  (31)

	'('  shift 47
	'!'  shift 48
	"IDENT"  shift 49
	'}'  shift 143
	"LITENT"  shift 51
	"PRINT"  shift 52
	"READ"  shift 53
	"IF"  shift 54
	"WHILE"  shift 55
	"RETURN"  shift 56
	"LITREAL"  shift 57
	"LITCHAR"  shift 58
	"CAST"  shift 59
	.  error

	sentencia_local  goto 60
	expr  goto 61


state 143
	sentencia_local : "IF" '(' expr ')' '{' sentencias_locales '}' "ELSE" '{' sentencias_locales '}' .  (31)

	.  reduce 31


42 terminals, 19 nonterminals
64 grammar rules, 144 states
